  Game.cpp
C:\SP-Project\Flappy-Bird-main\Flappy Bird\Game.cpp(31,40): warning C4244: 'initializing': conversion from 'T' to 'float', possible loss of data
C:\SP-Project\Flappy-Bird-main\Flappy Bird\Game.cpp(31,40): warning C4244:         with
C:\SP-Project\Flappy-Bird-main\Flappy Bird\Game.cpp(31,40): warning C4244:         [
C:\SP-Project\Flappy-Bird-main\Flappy Bird\Game.cpp(31,40): warning C4244:             T=unsigned int
C:\SP-Project\Flappy-Bird-main\Flappy Bird\Game.cpp(31,40): warning C4244:         ]
C:\SP-Project\Flappy-Bird-main\Flappy Bird\Game.cpp(31,22): warning C4244: 'initializing': conversion from 'T' to 'const float', possible loss of data
C:\SP-Project\Flappy-Bird-main\Flappy Bird\Game.cpp(31,22): warning C4244:         with
C:\SP-Project\Flappy-Bird-main\Flappy Bird\Game.cpp(31,22): warning C4244:         [
C:\SP-Project\Flappy-Bird-main\Flappy Bird\Game.cpp(31,22): warning C4244:             T=unsigned int
C:\SP-Project\Flappy-Bird-main\Flappy Bird\Game.cpp(31,22): warning C4244:         ]
C:\SP-Project\Flappy-Bird-main\Flappy Bird\Game.cpp(32,40): warning C4244: 'initializing': conversion from 'T' to 'float', possible loss of data
C:\SP-Project\Flappy-Bird-main\Flappy Bird\Game.cpp(32,40): warning C4244:         with
C:\SP-Project\Flappy-Bird-main\Flappy Bird\Game.cpp(32,40): warning C4244:         [
C:\SP-Project\Flappy-Bird-main\Flappy Bird\Game.cpp(32,40): warning C4244:             T=unsigned int
C:\SP-Project\Flappy-Bird-main\Flappy Bird\Game.cpp(32,40): warning C4244:         ]
C:\SP-Project\Flappy-Bird-main\Flappy Bird\Game.cpp(32,22): warning C4244: 'initializing': conversion from 'T' to 'const float', possible loss of data
C:\SP-Project\Flappy-Bird-main\Flappy Bird\Game.cpp(32,22): warning C4244:         with
C:\SP-Project\Flappy-Bird-main\Flappy Bird\Game.cpp(32,22): warning C4244:         [
C:\SP-Project\Flappy-Bird-main\Flappy Bird\Game.cpp(32,22): warning C4244:             T=unsigned int
C:\SP-Project\Flappy-Bird-main\Flappy Bird\Game.cpp(32,22): warning C4244:         ]
C:\SP-Project\Flappy-Bird-main\Flappy Bird\Game.cpp(69,71): warning C4244: 'argument': conversion from 'T' to 'T', possible loss of data
C:\SP-Project\Flappy-Bird-main\Flappy Bird\Game.cpp(69,71): warning C4244:         with
C:\SP-Project\Flappy-Bird-main\Flappy Bird\Game.cpp(69,71): warning C4244:         [
C:\SP-Project\Flappy-Bird-main\Flappy Bird\Game.cpp(69,71): warning C4244:             T=unsigned int
C:\SP-Project\Flappy-Bird-main\Flappy Bird\Game.cpp(69,71): warning C4244:         ]
C:\SP-Project\Flappy-Bird-main\Flappy Bird\Game.cpp(69,71): warning C4244:         and
C:\SP-Project\Flappy-Bird-main\Flappy Bird\Game.cpp(69,71): warning C4244:         [
C:\SP-Project\Flappy-Bird-main\Flappy Bird\Game.cpp(69,71): warning C4244:             T=float
C:\SP-Project\Flappy-Bird-main\Flappy Bird\Game.cpp(69,71): warning C4244:         ]
C:\SP-Project\Flappy-Bird-main\Flappy Bird\Game.cpp(69,51): warning C4244: 'argument': conversion from 'T' to 'T', possible loss of data
C:\SP-Project\Flappy-Bird-main\Flappy Bird\Game.cpp(69,51): warning C4244:         with
C:\SP-Project\Flappy-Bird-main\Flappy Bird\Game.cpp(69,51): warning C4244:         [
C:\SP-Project\Flappy-Bird-main\Flappy Bird\Game.cpp(69,51): warning C4244:             T=unsigned int
C:\SP-Project\Flappy-Bird-main\Flappy Bird\Game.cpp(69,51): warning C4244:         ]
C:\SP-Project\Flappy-Bird-main\Flappy Bird\Game.cpp(69,51): warning C4244:         and
C:\SP-Project\Flappy-Bird-main\Flappy Bird\Game.cpp(69,51): warning C4244:         [
C:\SP-Project\Flappy-Bird-main\Flappy Bird\Game.cpp(69,51): warning C4244:             T=float
C:\SP-Project\Flappy-Bird-main\Flappy Bird\Game.cpp(69,51): warning C4244:         ]
C:\SP-Project\Flappy-Bird-main\Flappy Bird\Game.cpp(111,39): warning C4244: 'argument': conversion from 'int' to 'float', possible loss of data
C:\SP-Project\Flappy-Bird-main\Flappy Bird\Game.cpp(167,43): warning C4244: 'argument': conversion from 'int' to 'float', possible loss of data
C:\SP-Project\Flappy-Bird-main\Flappy Bird\Game.cpp(205,38): warning C4244: 'argument': conversion from 'int' to 'float', possible loss of data
C:\SP-Project\Flappy-Bird-main\Flappy Bird\Game.cpp(205,32): warning C4244: 'argument': conversion from 'int' to 'float', possible loss of data
C:\SP-Project\Flappy-Bird-main\Flappy Bird\Game.cpp(206,29): warning C4305: 'argument': truncation from 'double' to 'float'
C:\SP-Project\Flappy-Bird-main\Flappy Bird\Game.cpp(266,97): warning C4305: '=': truncation from 'double' to 'float'
C:\SP-Project\Flappy-Bird-main\Flappy Bird\Game.cpp(312,26): warning C4244: 'argument': conversion from 'int' to 'float', possible loss of data
C:\SP-Project\Flappy-Bird-main\Flappy Bird\Game.cpp(320,26): warning C4244: 'argument': conversion from 'int' to 'float', possible loss of data
C:\SP-Project\Flappy-Bird-main\Flappy Bird\Game.cpp(379,30): warning C4244: 'argument': conversion from 'int' to 'float', possible loss of data
C:\SP-Project\Flappy-Bird-main\Flappy Bird\Game.cpp(379,27): warning C4244: 'argument': conversion from 'int' to 'float', possible loss of data
C:\SP-Project\Flappy-Bird-main\Flappy Bird\Game.cpp(559,30): warning C4305: 'argument': truncation from 'double' to 'float'
C:\SP-Project\Flappy-Bird-main\Flappy Bird\Game.cpp(559,24): warning C4305: 'argument': truncation from 'double' to 'float'
C:\SP-Project\Flappy-Bird-main\Flappy Bird\Game.cpp(571,39): warning C4305: 'argument': truncation from 'double' to 'float'
C:\SP-Project\Flappy-Bird-main\Flappy Bird\Game.cpp(571,34): warning C4305: 'argument': truncation from 'double' to 'float'
C:\SP-Project\Flappy-Bird-main\Flappy Bird\Game.cpp(573,31): warning C4305: 'argument': truncation from 'double' to 'float'
C:\SP-Project\Flappy-Bird-main\Flappy Bird\Game.cpp(573,26): warning C4305: 'argument': truncation from 'double' to 'float'
C:\SP-Project\Flappy-Bird-main\Flappy Bird\Game.cpp(720,37): warning C4305: 'argument': truncation from 'double' to 'float'
C:\SP-Project\Flappy-Bird-main\Flappy Bird\Game.cpp(720,32): warning C4305: 'argument': truncation from 'double' to 'float'
C:\SP-Project\Flappy-Bird-main\Flappy Bird\Game.cpp(906,37): warning C4305: 'argument': truncation from 'double' to 'float'
C:\SP-Project\Flappy-Bird-main\Flappy Bird\Game.cpp(911,37): warning C4305: 'argument': truncation from 'double' to 'float'
C:\SP-Project\Flappy-Bird-main\Flappy Bird\Game.cpp(916,37): warning C4305: 'argument': truncation from 'double' to 'float'
C:\SP-Project\Flappy-Bird-main\Flappy Bird\Game.cpp(921,37): warning C4305: 'argument': truncation from 'double' to 'float'
C:\SP-Project\Flappy-Bird-main\Flappy Bird\Game.cpp(926,53): warning C4244: 'argument': conversion from 'T' to 'float', possible loss of data
C:\SP-Project\Flappy-Bird-main\Flappy Bird\Game.cpp(926,53): warning C4244:         with
C:\SP-Project\Flappy-Bird-main\Flappy Bird\Game.cpp(926,53): warning C4244:         [
C:\SP-Project\Flappy-Bird-main\Flappy Bird\Game.cpp(926,53): warning C4244:             T=unsigned int
C:\SP-Project\Flappy-Bird-main\Flappy Bird\Game.cpp(926,53): warning C4244:         ]
C:\SP-Project\Flappy-Bird-main\Flappy Bird\Game.cpp(977,36): warning C4305: 'argument': truncation from 'double' to 'float'
C:\SP-Project\Flappy-Bird-main\Flappy Bird\Game.cpp(977,31): warning C4305: 'argument': truncation from 'double' to 'float'
C:\SP-Project\Flappy-Bird-main\Flappy Bird\Game.cpp(1149,32): warning C4305: 'argument': truncation from 'double' to 'float'
C:\SP-Project\Flappy-Bird-main\Flappy Bird\Game.cpp(1149,27): warning C4305: 'argument': truncation from 'double' to 'float'
C:\SP-Project\Flappy-Bird-main\Flappy Bird\Game.cpp(1184,62): warning C4244: 'argument': conversion from 'T' to 'float', possible loss of data
C:\SP-Project\Flappy-Bird-main\Flappy Bird\Game.cpp(1184,62): warning C4244:         with
C:\SP-Project\Flappy-Bird-main\Flappy Bird\Game.cpp(1184,62): warning C4244:         [
C:\SP-Project\Flappy-Bird-main\Flappy Bird\Game.cpp(1184,62): warning C4244:             T=unsigned int
C:\SP-Project\Flappy-Bird-main\Flappy Bird\Game.cpp(1184,62): warning C4244:         ]
C:\SP-Project\Flappy-Bird-main\Flappy Bird\Game.cpp(1185,62): warning C4244: 'argument': conversion from 'T' to 'float', possible loss of data
C:\SP-Project\Flappy-Bird-main\Flappy Bird\Game.cpp(1185,62): warning C4244:         with
C:\SP-Project\Flappy-Bird-main\Flappy Bird\Game.cpp(1185,62): warning C4244:         [
C:\SP-Project\Flappy-Bird-main\Flappy Bird\Game.cpp(1185,62): warning C4244:             T=unsigned int
C:\SP-Project\Flappy-Bird-main\Flappy Bird\Game.cpp(1185,62): warning C4244:         ]
C:\SP-Project\Flappy-Bird-main\Flappy Bird\Game.cpp(1186,62): warning C4244: 'argument': conversion from 'T' to 'float', possible loss of data
C:\SP-Project\Flappy-Bird-main\Flappy Bird\Game.cpp(1186,62): warning C4244:         with
C:\SP-Project\Flappy-Bird-main\Flappy Bird\Game.cpp(1186,62): warning C4244:         [
C:\SP-Project\Flappy-Bird-main\Flappy Bird\Game.cpp(1186,62): warning C4244:             T=unsigned int
C:\SP-Project\Flappy-Bird-main\Flappy Bird\Game.cpp(1186,62): warning C4244:         ]
C:\SP-Project\Flappy-Bird-main\Flappy Bird\Game.cpp(1188,58): warning C4244: 'argument': conversion from 'T' to 'float', possible loss of data
C:\SP-Project\Flappy-Bird-main\Flappy Bird\Game.cpp(1188,58): warning C4244:         with
C:\SP-Project\Flappy-Bird-main\Flappy Bird\Game.cpp(1188,58): warning C4244:         [
C:\SP-Project\Flappy-Bird-main\Flappy Bird\Game.cpp(1188,58): warning C4244:             T=unsigned int
C:\SP-Project\Flappy-Bird-main\Flappy Bird\Game.cpp(1188,58): warning C4244:         ]
C:\SP-Project\Flappy-Bird-main\Flappy Bird\Game.cpp(1189,58): warning C4244: 'argument': conversion from 'T' to 'float', possible loss of data
C:\SP-Project\Flappy-Bird-main\Flappy Bird\Game.cpp(1189,58): warning C4244:         with
C:\SP-Project\Flappy-Bird-main\Flappy Bird\Game.cpp(1189,58): warning C4244:         [
C:\SP-Project\Flappy-Bird-main\Flappy Bird\Game.cpp(1189,58): warning C4244:             T=unsigned int
C:\SP-Project\Flappy-Bird-main\Flappy Bird\Game.cpp(1189,58): warning C4244:         ]
C:\SP-Project\Flappy-Bird-main\Flappy Bird\Game.cpp(1190,58): warning C4244: 'argument': conversion from 'T' to 'float', possible loss of data
C:\SP-Project\Flappy-Bird-main\Flappy Bird\Game.cpp(1190,58): warning C4244:         with
C:\SP-Project\Flappy-Bird-main\Flappy Bird\Game.cpp(1190,58): warning C4244:         [
C:\SP-Project\Flappy-Bird-main\Flappy Bird\Game.cpp(1190,58): warning C4244:             T=unsigned int
C:\SP-Project\Flappy-Bird-main\Flappy Bird\Game.cpp(1190,58): warning C4244:         ]
C:\SP-Project\Flappy-Bird-main\Flappy Bird\Game.cpp(1196,60): warning C4244: 'argument': conversion from 'T' to 'float', possible loss of data
C:\SP-Project\Flappy-Bird-main\Flappy Bird\Game.cpp(1196,60): warning C4244:         with
C:\SP-Project\Flappy-Bird-main\Flappy Bird\Game.cpp(1196,60): warning C4244:         [
C:\SP-Project\Flappy-Bird-main\Flappy Bird\Game.cpp(1196,60): warning C4244:             T=unsigned int
C:\SP-Project\Flappy-Bird-main\Flappy Bird\Game.cpp(1196,60): warning C4244:         ]
C:\SP-Project\Flappy-Bird-main\Flappy Bird\Game.cpp(1197,60): warning C4244: 'argument': conversion from 'T' to 'float', possible loss of data
C:\SP-Project\Flappy-Bird-main\Flappy Bird\Game.cpp(1197,60): warning C4244:         with
C:\SP-Project\Flappy-Bird-main\Flappy Bird\Game.cpp(1197,60): warning C4244:         [
C:\SP-Project\Flappy-Bird-main\Flappy Bird\Game.cpp(1197,60): warning C4244:             T=unsigned int
C:\SP-Project\Flappy-Bird-main\Flappy Bird\Game.cpp(1197,60): warning C4244:         ]
C:\SP-Project\Flappy-Bird-main\Flappy Bird\Game.cpp(1198,60): warning C4244: 'argument': conversion from 'T' to 'float', possible loss of data
C:\SP-Project\Flappy-Bird-main\Flappy Bird\Game.cpp(1198,60): warning C4244:         with
C:\SP-Project\Flappy-Bird-main\Flappy Bird\Game.cpp(1198,60): warning C4244:         [
C:\SP-Project\Flappy-Bird-main\Flappy Bird\Game.cpp(1198,60): warning C4244:             T=unsigned int
C:\SP-Project\Flappy-Bird-main\Flappy Bird\Game.cpp(1198,60): warning C4244:         ]
C:\SP-Project\Flappy-Bird-main\Flappy Bird\Game.cpp(1307,33): warning C4305: 'argument': truncation from 'double' to 'float'
C:\SP-Project\Flappy-Bird-main\Flappy Bird\Game.cpp(1307,28): warning C4305: 'argument': truncation from 'double' to 'float'
C:\SP-Project\Flappy-Bird-main\Flappy Bird\Game.cpp(1310,32): warning C4305: 'argument': truncation from 'double' to 'float'
C:\SP-Project\Flappy-Bird-main\Flappy Bird\Game.cpp(1310,27): warning C4305: 'argument': truncation from 'double' to 'float'
C:\SP-Project\Flappy-Bird-main\Flappy Bird\Game.cpp(1482,15): warning C4244: 'argument': conversion from 'time_t' to 'unsigned int', possible loss of data
  Flappy Bird.vcxproj -> C:\SP-Project\Flappy-Bird-main\x64\Debug\Flappy Bird.exe
